mode: count
github.com/kidinamoto01/go-ipfs-api/dag.go:15.59,20.16 4 0
github.com/kidinamoto01/go-ipfs-api/dag.go:23.2,25.23 2 0
github.com/kidinamoto01/go-ipfs-api/dag.go:29.2,29.49 1 0
github.com/kidinamoto01/go-ipfs-api/dag.go:20.16,22.3 1 0
github.com/kidinamoto01/go-ipfs-api/dag.go:25.23,27.3 1 0
github.com/kidinamoto01/go-ipfs-api/dag.go:32.77,40.29 4 1
github.com/kidinamoto01/go-ipfs-api/dag.go:50.2,57.16 7 1
github.com/kidinamoto01/go-ipfs-api/dag.go:60.2,62.23 2 1
github.com/kidinamoto01/go-ipfs-api/dag.go:66.2,72.16 3 1
github.com/kidinamoto01/go-ipfs-api/dag.go:76.2,76.28 1 1
github.com/kidinamoto01/go-ipfs-api/dag.go:41.14,42.30 1 1
github.com/kidinamoto01/go-ipfs-api/dag.go:43.14,44.28 1 0
github.com/kidinamoto01/go-ipfs-api/dag.go:45.17,46.11 1 0
github.com/kidinamoto01/go-ipfs-api/dag.go:47.10,48.81 1 0
github.com/kidinamoto01/go-ipfs-api/dag.go:57.16,59.3 1 0
github.com/kidinamoto01/go-ipfs-api/dag.go:62.23,64.3 1 0
github.com/kidinamoto01/go-ipfs-api/dag.go:72.16,74.3 1 0
github.com/kidinamoto01/go-ipfs-api/ipns.go:9.58,11.16 2 0
github.com/kidinamoto01/go-ipfs-api/ipns.go:15.2,16.16 2 0
github.com/kidinamoto01/go-ipfs-api/ipns.go:19.2,21.23 2 0
github.com/kidinamoto01/go-ipfs-api/ipns.go:25.2,25.12 1 0
github.com/kidinamoto01/go-ipfs-api/ipns.go:11.16,13.3 1 0
github.com/kidinamoto01/go-ipfs-api/ipns.go:16.16,18.3 1 0
github.com/kidinamoto01/go-ipfs-api/ipns.go:21.23,23.3 1 0
github.com/kidinamoto01/go-ipfs-api/ipns.go:30.52,33.14 3 0
github.com/kidinamoto01/go-ipfs-api/ipns.go:38.2,38.16 1 0
github.com/kidinamoto01/go-ipfs-api/ipns.go:41.2,43.23 2 0
github.com/kidinamoto01/go-ipfs-api/ipns.go:47.2,49.16 3 0
github.com/kidinamoto01/go-ipfs-api/ipns.go:53.2,53.22 1 0
github.com/kidinamoto01/go-ipfs-api/ipns.go:33.14,35.3 1 0
github.com/kidinamoto01/go-ipfs-api/ipns.go:35.3,37.3 1 0
github.com/kidinamoto01/go-ipfs-api/ipns.go:38.16,40.3 1 0
github.com/kidinamoto01/go-ipfs-api/ipns.go:43.23,45.3 1 0
github.com/kidinamoto01/go-ipfs-api/ipns.go:49.16,51.3 1 0
github.com/kidinamoto01/go-ipfs-api/pubsub.go:30.37,32.2 1 0
github.com/kidinamoto01/go-ipfs-api/pubsub.go:38.40,40.2 1 0
github.com/kidinamoto01/go-ipfs-api/pubsub.go:42.39,44.2 1 1
github.com/kidinamoto01/go-ipfs-api/pubsub.go:46.39,48.2 1 0
github.com/kidinamoto01/go-ipfs-api/pubsub.go:50.45,52.2 1 0
github.com/kidinamoto01/go-ipfs-api/pubsub.go:61.64,67.2 2 1
github.com/kidinamoto01/go-ipfs-api/pubsub.go:70.59,71.25 1 1
github.com/kidinamoto01/go-ipfs-api/pubsub.go:75.2,80.36 4 1
github.com/kidinamoto01/go-ipfs-api/pubsub.go:71.25,73.3 1 0
github.com/kidinamoto01/go-ipfs-api/pubsub.go:84.45,85.26 1 0
github.com/kidinamoto01/go-ipfs-api/pubsub.go:89.2,89.30 1 0
github.com/kidinamoto01/go-ipfs-api/pubsub.go:85.26,87.3 1 0
github.com/kidinamoto01/go-ipfs-api/request.go:26.84,27.37 1 21
github.com/kidinamoto01/go-ipfs-api/request.go:31.2,41.3 2 21
github.com/kidinamoto01/go-ipfs-api/request.go:27.37,29.3 1 21
github.com/kidinamoto01/go-ipfs-api/request.go:49.34,50.21 1 19
github.com/kidinamoto01/go-ipfs-api/request.go:55.2,55.12 1 0
github.com/kidinamoto01/go-ipfs-api/request.go:50.21,54.3 2 19
github.com/kidinamoto01/go-ipfs-api/request.go:64.32,66.21 2 0
github.com/kidinamoto01/go-ipfs-api/request.go:69.2,69.17 1 0
github.com/kidinamoto01/go-ipfs-api/request.go:72.2,72.24 1 0
github.com/kidinamoto01/go-ipfs-api/request.go:66.21,68.3 1 0
github.com/kidinamoto01/go-ipfs-api/request.go:69.17,71.3 1 0
github.com/kidinamoto01/go-ipfs-api/request.go:75.59,79.16 3 21
github.com/kidinamoto01/go-ipfs-api/request.go:83.2,83.51 1 21
github.com/kidinamoto01/go-ipfs-api/request.go:88.2,89.16 2 21
github.com/kidinamoto01/go-ipfs-api/request.go:93.2,100.46 6 21
github.com/kidinamoto01/go-ipfs-api/request.go:133.2,133.19 1 21
github.com/kidinamoto01/go-ipfs-api/request.go:79.16,81.3 1 0
github.com/kidinamoto01/go-ipfs-api/request.go:83.51,86.3 2 6
github.com/kidinamoto01/go-ipfs-api/request.go:89.16,91.3 1 0
github.com/kidinamoto01/go-ipfs-api/request.go:100.46,104.10 2 0
github.com/kidinamoto01/go-ipfs-api/request.go:125.3,130.20 4 0
github.com/kidinamoto01/go-ipfs-api/request.go:105.47,106.35 1 0
github.com/kidinamoto01/go-ipfs-api/request.go:107.36,109.18 2 0
github.com/kidinamoto01/go-ipfs-api/request.go:112.4,112.27 1 0
github.com/kidinamoto01/go-ipfs-api/request.go:113.42,114.62 1 0
github.com/kidinamoto01/go-ipfs-api/request.go:117.11,120.18 3 0
github.com/kidinamoto01/go-ipfs-api/request.go:123.4,123.91 1 0
github.com/kidinamoto01/go-ipfs-api/request.go:109.18,111.5 1 0
github.com/kidinamoto01/go-ipfs-api/request.go:114.62,116.5 1 0
github.com/kidinamoto01/go-ipfs-api/request.go:120.18,122.5 1 0
github.com/kidinamoto01/go-ipfs-api/request.go:136.35,139.29 2 21
github.com/kidinamoto01/go-ipfs-api/request.go:142.2,142.27 1 21
github.com/kidinamoto01/go-ipfs-api/request.go:146.2,146.71 1 21
github.com/kidinamoto01/go-ipfs-api/request.go:139.29,141.3 1 15
github.com/kidinamoto01/go-ipfs-api/request.go:142.27,144.3 1 50
github.com/kidinamoto01/go-ipfs-api/shell.go:37.29,39.19 2 1
github.com/kidinamoto01/go-ipfs-api/shell.go:43.2,44.16 2 1
github.com/kidinamoto01/go-ipfs-api/shell.go:48.2,50.44 2 1
github.com/kidinamoto01/go-ipfs-api/shell.go:54.2,55.16 2 1
github.com/kidinamoto01/go-ipfs-api/shell.go:59.2,59.49 1 1
github.com/kidinamoto01/go-ipfs-api/shell.go:39.19,41.3 1 1
github.com/kidinamoto01/go-ipfs-api/shell.go:44.16,46.3 1 0
github.com/kidinamoto01/go-ipfs-api/shell.go:50.44,52.3 1 0
github.com/kidinamoto01/go-ipfs-api/shell.go:55.16,57.3 1 0
github.com/kidinamoto01/go-ipfs-api/shell.go:62.34,70.2 2 15
github.com/kidinamoto01/go-ipfs-api/shell.go:72.62,73.48 1 15
github.com/kidinamoto01/go-ipfs-api/shell.go:80.2,83.3 1 15
github.com/kidinamoto01/go-ipfs-api/shell.go:73.48,75.17 2 1
github.com/kidinamoto01/go-ipfs-api/shell.go:75.17,77.4 1 1
github.com/kidinamoto01/go-ipfs-api/shell.go:86.45,88.2 1 0
github.com/kidinamoto01/go-ipfs-api/shell.go:90.90,92.2 1 12
github.com/kidinamoto01/go-ipfs-api/shell.go:106.55,107.19 1 0
github.com/kidinamoto01/go-ipfs-api/shell.go:111.2,112.16 2 0
github.com/kidinamoto01/go-ipfs-api/shell.go:116.2,117.23 2 0
github.com/kidinamoto01/go-ipfs-api/shell.go:121.2,124.16 4 0
github.com/kidinamoto01/go-ipfs-api/shell.go:128.2,128.17 1 0
github.com/kidinamoto01/go-ipfs-api/shell.go:107.19,109.3 1 0
github.com/kidinamoto01/go-ipfs-api/shell.go:112.16,114.3 1 0
github.com/kidinamoto01/go-ipfs-api/shell.go:117.23,119.3 1 0
github.com/kidinamoto01/go-ipfs-api/shell.go:124.16,126.3 1 0
github.com/kidinamoto01/go-ipfs-api/shell.go:132.57,134.16 2 1
github.com/kidinamoto01/go-ipfs-api/shell.go:137.2,137.23 1 1
github.com/kidinamoto01/go-ipfs-api/shell.go:141.2,141.25 1 1
github.com/kidinamoto01/go-ipfs-api/shell.go:134.16,136.3 1 0
github.com/kidinamoto01/go-ipfs-api/shell.go:137.23,139.3 1 0
github.com/kidinamoto01/go-ipfs-api/shell.go:149.55,152.17 1 1
github.com/kidinamoto01/go-ipfs-api/shell.go:152.17,161.3 3 1
github.com/kidinamoto01/go-ipfs-api/shell.go:161.3,163.3 1 0
github.com/kidinamoto01/go-ipfs-api/shell.go:170.50,172.2 1 4
github.com/kidinamoto01/go-ipfs-api/shell.go:175.55,177.2 1 0
github.com/kidinamoto01/go-ipfs-api/shell.go:179.84,181.41 2 4
github.com/kidinamoto01/go-ipfs-api/shell.go:188.2,195.10 7 4
github.com/kidinamoto01/go-ipfs-api/shell.go:199.2,199.15 1 4
github.com/kidinamoto01/go-ipfs-api/shell.go:203.2,204.16 2 4
github.com/kidinamoto01/go-ipfs-api/shell.go:207.2,208.23 2 4
github.com/kidinamoto01/go-ipfs-api/shell.go:212.2,214.16 3 4
github.com/kidinamoto01/go-ipfs-api/shell.go:218.2,218.22 1 4
github.com/kidinamoto01/go-ipfs-api/shell.go:181.41,183.3 1 0
github.com/kidinamoto01/go-ipfs-api/shell.go:183.3,185.3 1 4
github.com/kidinamoto01/go-ipfs-api/shell.go:195.10,197.3 1 0
github.com/kidinamoto01/go-ipfs-api/shell.go:199.15,201.3 1 0
github.com/kidinamoto01/go-ipfs-api/shell.go:204.16,206.3 1 0
github.com/kidinamoto01/go-ipfs-api/shell.go:208.23,210.3 1 0
github.com/kidinamoto01/go-ipfs-api/shell.go:214.16,216.3 1 0
github.com/kidinamoto01/go-ipfs-api/shell.go:221.56,230.16 7 0
github.com/kidinamoto01/go-ipfs-api/shell.go:233.2,234.23 2 0
github.com/kidinamoto01/go-ipfs-api/shell.go:238.2,240.16 3 0
github.com/kidinamoto01/go-ipfs-api/shell.go:244.2,244.22 1 0
github.com/kidinamoto01/go-ipfs-api/shell.go:230.16,232.3 1 0
github.com/kidinamoto01/go-ipfs-api/shell.go:234.23,236.3 1 0
github.com/kidinamoto01/go-ipfs-api/shell.go:240.16,242.3 1 0
github.com/kidinamoto01/go-ipfs-api/shell.go:248.52,250.16 2 1
github.com/kidinamoto01/go-ipfs-api/shell.go:254.2,255.16 2 1
github.com/kidinamoto01/go-ipfs-api/shell.go:258.2,266.16 7 1
github.com/kidinamoto01/go-ipfs-api/shell.go:269.2,270.23 2 1
github.com/kidinamoto01/go-ipfs-api/shell.go:274.2,276.6 3 1
github.com/kidinamoto01/go-ipfs-api/shell.go:288.2,288.17 1 1
github.com/kidinamoto01/go-ipfs-api/shell.go:292.2,292.19 1 1
github.com/kidinamoto01/go-ipfs-api/shell.go:250.16,252.3 1 0
github.com/kidinamoto01/go-ipfs-api/shell.go:255.16,257.3 1 0
github.com/kidinamoto01/go-ipfs-api/shell.go:266.16,268.3 1 0
github.com/kidinamoto01/go-ipfs-api/shell.go:270.23,272.3 1 0
github.com/kidinamoto01/go-ipfs-api/shell.go:276.6,279.17 3 10
github.com/kidinamoto01/go-ipfs-api/shell.go:285.3,285.19 1 9
github.com/kidinamoto01/go-ipfs-api/shell.go:279.17,280.21 1 1
github.com/kidinamoto01/go-ipfs-api/shell.go:283.4,283.18 1 0
github.com/kidinamoto01/go-ipfs-api/shell.go:280.21,281.10 1 1
github.com/kidinamoto01/go-ipfs-api/shell.go:288.17,290.3 1 0
github.com/kidinamoto01/go-ipfs-api/shell.go:304.54,306.16 2 1
github.com/kidinamoto01/go-ipfs-api/shell.go:309.2,311.23 2 1
github.com/kidinamoto01/go-ipfs-api/shell.go:315.2,317.16 3 1
github.com/kidinamoto01/go-ipfs-api/shell.go:321.2,321.34 1 1
github.com/kidinamoto01/go-ipfs-api/shell.go:306.16,308.3 1 0
github.com/kidinamoto01/go-ipfs-api/shell.go:311.23,313.3 1 0
github.com/kidinamoto01/go-ipfs-api/shell.go:317.16,319.3 1 0
github.com/kidinamoto01/go-ipfs-api/shell.go:337.40,342.16 4 1
github.com/kidinamoto01/go-ipfs-api/shell.go:345.2,346.23 2 1
github.com/kidinamoto01/go-ipfs-api/shell.go:350.2,350.12 1 1
github.com/kidinamoto01/go-ipfs-api/shell.go:342.16,344.3 1 0
github.com/kidinamoto01/go-ipfs-api/shell.go:346.23,348.3 1 0
github.com/kidinamoto01/go-ipfs-api/shell.go:354.42,359.16 4 1
github.com/kidinamoto01/go-ipfs-api/shell.go:362.2,363.23 2 1
github.com/kidinamoto01/go-ipfs-api/shell.go:367.2,367.12 1 1
github.com/kidinamoto01/go-ipfs-api/shell.go:359.16,361.3 1 0
github.com/kidinamoto01/go-ipfs-api/shell.go:363.23,365.3 1 0
github.com/kidinamoto01/go-ipfs-api/shell.go:385.52,387.16 2 3
github.com/kidinamoto01/go-ipfs-api/shell.go:390.2,392.23 2 3
github.com/kidinamoto01/go-ipfs-api/shell.go:396.2,398.16 3 3
github.com/kidinamoto01/go-ipfs-api/shell.go:402.2,402.22 1 3
github.com/kidinamoto01/go-ipfs-api/shell.go:387.16,389.3 1 0
github.com/kidinamoto01/go-ipfs-api/shell.go:392.23,394.3 1 0
github.com/kidinamoto01/go-ipfs-api/shell.go:398.16,400.3 1 0
github.com/kidinamoto01/go-ipfs-api/shell.go:410.58,412.16 2 0
github.com/kidinamoto01/go-ipfs-api/shell.go:415.2,417.23 2 0
github.com/kidinamoto01/go-ipfs-api/shell.go:421.2,423.16 3 0
github.com/kidinamoto01/go-ipfs-api/shell.go:427.2,427.29 1 0
github.com/kidinamoto01/go-ipfs-api/shell.go:431.2,431.31 1 0
github.com/kidinamoto01/go-ipfs-api/shell.go:412.16,414.3 1 0
github.com/kidinamoto01/go-ipfs-api/shell.go:417.23,419.3 1 0
github.com/kidinamoto01/go-ipfs-api/shell.go:423.16,425.3 1 0
github.com/kidinamoto01/go-ipfs-api/shell.go:427.29,429.3 1 0
github.com/kidinamoto01/go-ipfs-api/shell.go:435.45,437.16 2 1
github.com/kidinamoto01/go-ipfs-api/shell.go:440.2,442.23 2 1
github.com/kidinamoto01/go-ipfs-api/shell.go:446.2,452.23 5 1
github.com/kidinamoto01/go-ipfs-api/shell.go:437.16,439.3 1 0
github.com/kidinamoto01/go-ipfs-api/shell.go:442.23,444.3 1 0
github.com/kidinamoto01/go-ipfs-api/shell.go:455.74,457.15 2 0
github.com/kidinamoto01/go-ipfs-api/shell.go:461.2,462.16 2 0
github.com/kidinamoto01/go-ipfs-api/shell.go:466.2,466.23 1 0
github.com/kidinamoto01/go-ipfs-api/shell.go:470.2,471.12 2 0
github.com/kidinamoto01/go-ipfs-api/shell.go:489.2,489.17 1 0
github.com/kidinamoto01/go-ipfs-api/shell.go:457.15,459.3 1 0
github.com/kidinamoto01/go-ipfs-api/shell.go:462.16,464.3 1 0
github.com/kidinamoto01/go-ipfs-api/shell.go:466.23,468.3 1 0
github.com/kidinamoto01/go-ipfs-api/shell.go:471.12,478.7 5 0
github.com/kidinamoto01/go-ipfs-api/shell.go:478.7,480.18 2 0
github.com/kidinamoto01/go-ipfs-api/shell.go:483.4,483.24 1 0
github.com/kidinamoto01/go-ipfs-api/shell.go:480.18,482.5 1 0
github.com/kidinamoto01/go-ipfs-api/shell.go:483.24,485.5 1 0
github.com/kidinamoto01/go-ipfs-api/shell.go:492.76,495.16 3 1
github.com/kidinamoto01/go-ipfs-api/shell.go:498.2,500.23 2 1
github.com/kidinamoto01/go-ipfs-api/shell.go:504.2,507.16 4 1
github.com/kidinamoto01/go-ipfs-api/shell.go:511.2,511.22 1 1
github.com/kidinamoto01/go-ipfs-api/shell.go:495.16,497.3 1 0
github.com/kidinamoto01/go-ipfs-api/shell.go:500.23,502.3 1 0
github.com/kidinamoto01/go-ipfs-api/shell.go:507.16,509.3 1 0
github.com/kidinamoto01/go-ipfs-api/shell.go:514.84,516.26 2 0
github.com/kidinamoto01/go-ipfs-api/shell.go:527.2,528.9 2 0
github.com/kidinamoto01/go-ipfs-api/shell.go:532.2,540.16 7 0
github.com/kidinamoto01/go-ipfs-api/shell.go:543.2,545.23 2 0
github.com/kidinamoto01/go-ipfs-api/shell.go:549.2,552.16 4 0
github.com/kidinamoto01/go-ipfs-api/shell.go:556.2,556.22 1 0
github.com/kidinamoto01/go-ipfs-api/shell.go:517.17,518.11 1 0
github.com/kidinamoto01/go-ipfs-api/shell.go:519.14,520.28 1 0
github.com/kidinamoto01/go-ipfs-api/shell.go:521.14,522.30 1 0
github.com/kidinamoto01/go-ipfs-api/shell.go:523.10,524.56 1 0
github.com/kidinamoto01/go-ipfs-api/shell.go:528.9,530.3 1 0
github.com/kidinamoto01/go-ipfs-api/shell.go:540.16,542.3 1 0
github.com/kidinamoto01/go-ipfs-api/shell.go:545.23,547.3 1 0
github.com/kidinamoto01/go-ipfs-api/shell.go:552.16,554.3 1 0
github.com/kidinamoto01/go-ipfs-api/shell.go:559.86,563.12 3 1
github.com/kidinamoto01/go-ipfs-api/shell.go:567.2,568.16 2 1
github.com/kidinamoto01/go-ipfs-api/shell.go:571.2,573.23 2 1
github.com/kidinamoto01/go-ipfs-api/shell.go:577.2,579.16 3 1
github.com/kidinamoto01/go-ipfs-api/shell.go:583.2,583.22 1 1
github.com/kidinamoto01/go-ipfs-api/shell.go:563.12,565.3 1 1
github.com/kidinamoto01/go-ipfs-api/shell.go:568.16,570.3 1 0
github.com/kidinamoto01/go-ipfs-api/shell.go:573.23,575.3 1 0
github.com/kidinamoto01/go-ipfs-api/shell.go:579.16,581.3 1 0
github.com/kidinamoto01/go-ipfs-api/shell.go:586.48,588.16 2 0
github.com/kidinamoto01/go-ipfs-api/shell.go:591.2,593.23 2 0
github.com/kidinamoto01/go-ipfs-api/shell.go:597.2,598.39 2 0
github.com/kidinamoto01/go-ipfs-api/shell.go:588.16,590.3 1 0
github.com/kidinamoto01/go-ipfs-api/shell.go:593.23,595.3 1 0
github.com/kidinamoto01/go-ipfs-api/shell.go:601.60,603.20 2 0
github.com/kidinamoto01/go-ipfs-api/shell.go:607.2,608.16 2 0
github.com/kidinamoto01/go-ipfs-api/shell.go:611.2,613.23 2 0
github.com/kidinamoto01/go-ipfs-api/shell.go:617.2,619.16 3 0
github.com/kidinamoto01/go-ipfs-api/shell.go:623.2,623.22 1 0
github.com/kidinamoto01/go-ipfs-api/shell.go:603.20,605.3 1 0
github.com/kidinamoto01/go-ipfs-api/shell.go:608.16,610.3 1 0
github.com/kidinamoto01/go-ipfs-api/shell.go:613.23,615.3 1 0
github.com/kidinamoto01/go-ipfs-api/shell.go:619.16,621.3 1 0
github.com/kidinamoto01/go-ipfs-api/shell.go:626.58,628.16 2 1
github.com/kidinamoto01/go-ipfs-api/shell.go:631.2,633.23 2 1
github.com/kidinamoto01/go-ipfs-api/shell.go:637.2,639.16 3 1
github.com/kidinamoto01/go-ipfs-api/shell.go:643.2,643.22 1 1
github.com/kidinamoto01/go-ipfs-api/shell.go:628.16,630.3 1 0
github.com/kidinamoto01/go-ipfs-api/shell.go:633.23,635.3 1 0
github.com/kidinamoto01/go-ipfs-api/shell.go:639.16,641.3 1 0
github.com/kidinamoto01/go-ipfs-api/shell.go:647.51,649.16 2 0
github.com/kidinamoto01/go-ipfs-api/shell.go:653.2,654.23 2 0
github.com/kidinamoto01/go-ipfs-api/shell.go:658.2,664.16 3 0
github.com/kidinamoto01/go-ipfs-api/shell.go:668.2,668.37 1 0
github.com/kidinamoto01/go-ipfs-api/shell.go:649.16,651.3 1 0
github.com/kidinamoto01/go-ipfs-api/shell.go:654.23,656.3 1 0
github.com/kidinamoto01/go-ipfs-api/shell.go:664.16,666.3 1 0
github.com/kidinamoto01/go-ipfs-api/shell.go:671.29,674.2 2 0
github.com/kidinamoto01/go-ipfs-api/shell.go:676.61,678.16 2 0
github.com/kidinamoto01/go-ipfs-api/shell.go:681.2,683.23 2 0
github.com/kidinamoto01/go-ipfs-api/shell.go:687.2,693.16 3 0
github.com/kidinamoto01/go-ipfs-api/shell.go:697.2,697.31 1 0
github.com/kidinamoto01/go-ipfs-api/shell.go:678.16,680.3 1 0
github.com/kidinamoto01/go-ipfs-api/shell.go:683.23,685.3 1 0
github.com/kidinamoto01/go-ipfs-api/shell.go:693.16,695.3 1 0
github.com/kidinamoto01/go-ipfs-api/shell.go:700.55,702.16 2 0
github.com/kidinamoto01/go-ipfs-api/shell.go:705.2,707.23 2 0
github.com/kidinamoto01/go-ipfs-api/shell.go:711.2,711.36 1 0
github.com/kidinamoto01/go-ipfs-api/shell.go:702.16,704.3 1 0
github.com/kidinamoto01/go-ipfs-api/shell.go:707.23,709.3 1 0
github.com/kidinamoto01/go-ipfs-api/shell.go:714.56,724.16 9 0
github.com/kidinamoto01/go-ipfs-api/shell.go:727.2,729.23 2 0
github.com/kidinamoto01/go-ipfs-api/shell.go:733.2,737.16 3 0
github.com/kidinamoto01/go-ipfs-api/shell.go:741.2,741.21 1 0
github.com/kidinamoto01/go-ipfs-api/shell.go:724.16,726.3 1 0
github.com/kidinamoto01/go-ipfs-api/shell.go:729.23,731.3 1 0
github.com/kidinamoto01/go-ipfs-api/shell.go:737.16,739.3 1 0
github.com/kidinamoto01/go-ipfs-api/shell.go:754.61,756.16 2 0
github.com/kidinamoto01/go-ipfs-api/shell.go:759.2,761.23 2 0
github.com/kidinamoto01/go-ipfs-api/shell.go:765.2,767.16 3 0
github.com/kidinamoto01/go-ipfs-api/shell.go:771.2,771.18 1 0
github.com/kidinamoto01/go-ipfs-api/shell.go:756.16,758.3 1 0
github.com/kidinamoto01/go-ipfs-api/shell.go:761.23,763.3 1 0
github.com/kidinamoto01/go-ipfs-api/shell.go:767.16,769.3 1 0
github.com/kidinamoto01/go-ipfs-api/shell.go:774.60,777.16 3 0
github.com/kidinamoto01/go-ipfs-api/shell.go:781.2,790.16 8 0
github.com/kidinamoto01/go-ipfs-api/shell.go:793.2,795.23 2 0
github.com/kidinamoto01/go-ipfs-api/shell.go:799.2,801.16 3 0
github.com/kidinamoto01/go-ipfs-api/shell.go:805.2,805.22 1 0
github.com/kidinamoto01/go-ipfs-api/shell.go:777.16,779.3 1 0
github.com/kidinamoto01/go-ipfs-api/shell.go:790.16,792.3 1 0
github.com/kidinamoto01/go-ipfs-api/shell.go:795.23,797.3 1 0
github.com/kidinamoto01/go-ipfs-api/shell.go:801.16,803.3 1 0
github.com/kidinamoto01/go-ipfs-api/shell.go:808.76,813.16 3 1
github.com/kidinamoto01/go-ipfs-api/shell.go:817.2,817.41 1 1
github.com/kidinamoto01/go-ipfs-api/shell.go:813.16,815.3 1 0
github.com/kidinamoto01/go-ipfs-api/shell.go:820.63,822.16 2 1
github.com/kidinamoto01/go-ipfs-api/shell.go:825.2,825.15 1 1
github.com/kidinamoto01/go-ipfs-api/shell.go:832.2,832.12 1 1
github.com/kidinamoto01/go-ipfs-api/shell.go:822.16,824.3 1 0
github.com/kidinamoto01/go-ipfs-api/shell.go:825.15,827.17 2 1
github.com/kidinamoto01/go-ipfs-api/shell.go:827.17,829.4 1 1
github.com/kidinamoto01/go-ipfs-api/shell.go:846.62,848.16 2 1
github.com/kidinamoto01/go-ipfs-api/shell.go:851.2,853.23 2 1
github.com/kidinamoto01/go-ipfs-api/shell.go:857.2,860.16 3 1
github.com/kidinamoto01/go-ipfs-api/shell.go:864.2,864.18 1 1
github.com/kidinamoto01/go-ipfs-api/shell.go:848.16,850.3 1 0
github.com/kidinamoto01/go-ipfs-api/shell.go:853.23,855.3 1 0
github.com/kidinamoto01/go-ipfs-api/shell.go:860.16,862.3 1 0
github.com/kidinamoto01/go-ipfs-api/unixfs.go:28.62,30.16 2 1
github.com/kidinamoto01/go-ipfs-api/unixfs.go:33.2,35.23 2 1
github.com/kidinamoto01/go-ipfs-api/unixfs.go:39.2,41.16 3 1
github.com/kidinamoto01/go-ipfs-api/unixfs.go:45.2,45.37 1 1
github.com/kidinamoto01/go-ipfs-api/unixfs.go:49.2,49.48 1 0
github.com/kidinamoto01/go-ipfs-api/unixfs.go:30.16,32.3 1 0
github.com/kidinamoto01/go-ipfs-api/unixfs.go:35.23,37.3 1 0
github.com/kidinamoto01/go-ipfs-api/unixfs.go:41.16,43.3 1 0
github.com/kidinamoto01/go-ipfs-api/unixfs.go:45.37,47.3 1 1
